INFO [2021-11-15 22:26:47] [[1]]
INFO [2021-11-15 22:26:47] list(DESeq2 = deseq2_diff_genes, edgeR = edger_diff_genes)
INFO [2021-11-15 22:26:47] 
INFO [2021-11-15 22:26:47] $filename
INFO [2021-11-15 22:26:47] filename
INFO [2021-11-15 22:26:47] 
INFO [2021-11-15 22:26:47] $imagetype
INFO [2021-11-15 22:26:47] [1] "png"
INFO [2021-11-15 22:26:47] 
INFO [2021-11-15 22:26:47] $fill
INFO [2021-11-15 22:26:47] c("red", "blue")
INFO [2021-11-15 22:26:47] 
INFO [2021-11-15 22:26:47] $cex
INFO [2021-11-15 22:26:47] [1] 1.75
INFO [2021-11-15 22:26:47] 
INFO [2021-11-15 22:26:47] $cat.cex
INFO [2021-11-15 22:26:47] [1] 2
INFO [2021-11-15 22:26:47] 
INFO [2021-11-15 22:26:47] $width
INFO [2021-11-15 22:26:47] [1] 5000
INFO [2021-11-15 22:26:47] 
INFO [2021-11-15 22:26:47] $height
INFO [2021-11-15 22:26:47] [1] 5000
INFO [2021-11-15 22:26:47] 
INFO [2021-11-15 22:26:47] $cat.pos
INFO [2021-11-15 22:26:47] [1] 0
INFO [2021-11-15 22:26:47] 
